<?xml version="1.0" encoding="UTF-8"?>
<!-- Generated by org.testng.reporters.JUnitXMLReporter -->
<testsuite hostname="vamsi" ignored="0" name="Test" tests="3" failures="0" timestamp="21 Oct 2020 16:13:16 GMT" time="40.255" errors="0">
  <testcase name="testLoginToApplication" time="10.739" classname="myProject.practest.test.testScripts.LoginTest"/>
  <testcase name="testLoginToApplication" time="12.311" classname="myProject.practest.test.testScripts.LoginTest"/>
  <testcase name="testLoginToApplication" time="0.0" classname="myProject.practest.test.testScripts.LoginTest">
    <skipped/>
  </testcase> <!-- testLoginToApplication -->
</testsuite> <!-- Test -->
